<?xml version="1.0" encoding="UTF-8"?>
<testng-results skipped="0" failed="1" ignored="0" total="1" passed="0">
  <reporter-output>
  </reporter-output>
  <suite name="Default suite" duration-ms="31777" started-at="2020-05-17T21:35:59 IST" finished-at="2020-05-17T21:36:31 IST">
    <groups>
    </groups>
    <test name="Default test" duration-ms="31777" started-at="2020-05-17T21:35:59 IST" finished-at="2020-05-17T21:36:31 IST">
      <class name="TestNG.TestNG.ApkAppInfo">
        <test-method status="PASS" signature="beforeMethod()[pri:0, instance:TestNG.TestNG.ApkAppInfo@4d95d2a2]" name="beforeMethod" is-config="true" duration-ms="8735" started-at="2020-05-17T21:35:59 IST" finished-at="2020-05-17T21:36:08 IST">
          <reporter-output>
          </reporter-output>
        </test-method> <!-- beforeMethod -->
        <test-method status="FAIL" signature="main()[pri:0, instance:TestNG.TestNG.ApkAppInfo@4d95d2a2]" name="main" duration-ms="18564" started-at="2020-05-17T21:36:08 IST" finished-at="2020-05-17T21:36:26 IST">
          <exception class="org.openqa.selenium.NoSuchElementException">
            <message>
              <![CDATA[An element could not be located on the page using the given search parameters.
For documentation on this error, please visit: https://www.seleniumhq.org/exceptions/no_such_element.html
Build info: version: '3.141.59', revision: 'e82be7d358', time: '2018-11-14T08:17:03'
System info: host: 'DESKTOP-6UHVP5N', ip: '192.168.43.28', os.name: 'Windows 10', os.arch: 'amd64', os.version: '10.0', java.version: '1.8.0_101'
Driver info: io.appium.java_client.android.AndroidDriver
Capabilities {appActivity: com.wt.apkinfo.activities.S..., appPackage: com.wt.apkinfo, automationName: UiAutomator1, databaseEnabled: false, desired: {appActivity: com.wt.apkinfo.activities.S..., appPackage: com.wt.apkinfo, automationName: UiAutomator1, deviceName: OPPO F15, fullReset: false, no: true, noReset: true, platformName: android, platformVersion: 9, udid: MBIN79RCUSHMV4PJ}, deviceManufacturer: OPPO, deviceModel: CPH2001, deviceName: MBIN79RCUSHMV4PJ, deviceScreenSize: 1080x2400, deviceUDID: MBIN79RCUSHMV4PJ, fullReset: false, javascriptEnabled: true, locationContextEnabled: false, networkConnectionEnabled: true, no: true, noReset: true, platform: LINUX, platformName: Android, platformVersion: 9, takesScreenshot: true, udid: MBIN79RCUSHMV4PJ, warnings: {}, webStorageEnabled: false}
Session ID: d86db4f1-0f11-4632-bd51-59d5ffb892aa
*** Element info: {Using=accessibility id, value=Back}]]>
            </message>
            <full-stacktrace>
              <![CDATA[org.openqa.selenium.NoSuchElementException: An element could not be located on the page using the given search parameters.
For documentation on this error, please visit: https://www.seleniumhq.org/exceptions/no_such_element.html
Build info: version: '3.141.59', revision: 'e82be7d358', time: '2018-11-14T08:17:03'
System info: host: 'DESKTOP-6UHVP5N', ip: '192.168.43.28', os.name: 'Windows 10', os.arch: 'amd64', os.version: '10.0', java.version: '1.8.0_101'
Driver info: io.appium.java_client.android.AndroidDriver
Capabilities {appActivity: com.wt.apkinfo.activities.S..., appPackage: com.wt.apkinfo, automationName: UiAutomator1, databaseEnabled: false, desired: {appActivity: com.wt.apkinfo.activities.S..., appPackage: com.wt.apkinfo, automationName: UiAutomator1, deviceName: OPPO F15, fullReset: false, no: true, noReset: true, platformName: android, platformVersion: 9, udid: MBIN79RCUSHMV4PJ}, deviceManufacturer: OPPO, deviceModel: CPH2001, deviceName: MBIN79RCUSHMV4PJ, deviceScreenSize: 1080x2400, deviceUDID: MBIN79RCUSHMV4PJ, fullReset: false, javascriptEnabled: true, locationContextEnabled: false, networkConnectionEnabled: true, no: true, noReset: true, platform: LINUX, platformName: Android, platformVersion: 9, takesScreenshot: true, udid: MBIN79RCUSHMV4PJ, warnings: {}, webStorageEnabled: false}
Session ID: d86db4f1-0f11-4632-bd51-59d5ffb892aa
*** Element info: {Using=accessibility id, value=Back}
at sun.reflect.NativeConstructorAccessorImpl.newInstance0(Native Method)
at sun.reflect.NativeConstructorAccessorImpl.newInstance(Unknown Source)
at sun.reflect.DelegatingConstructorAccessorImpl.newInstance(Unknown Source)
at java.lang.reflect.Constructor.newInstance(Unknown Source)
at org.openqa.selenium.remote.http.W3CHttpResponseCodec.createException(W3CHttpResponseCodec.java:187)
at org.openqa.selenium.remote.http.W3CHttpResponseCodec.decode(W3CHttpResponseCodec.java:122)
at org.openqa.selenium.remote.http.W3CHttpResponseCodec.decode(W3CHttpResponseCodec.java:49)
at org.openqa.selenium.remote.HttpCommandExecutor.execute(HttpCommandExecutor.java:158)
at io.appium.java_client.remote.AppiumCommandExecutor.execute(AppiumCommandExecutor.java:239)
at org.openqa.selenium.remote.RemoteWebDriver.execute(RemoteWebDriver.java:552)
at io.appium.java_client.DefaultGenericMobileDriver.execute(DefaultGenericMobileDriver.java:41)
at io.appium.java_client.AppiumDriver.execute(AppiumDriver.java:1)
at io.appium.java_client.android.AndroidDriver.execute(AndroidDriver.java:1)
at org.openqa.selenium.remote.RemoteWebDriver.findElement(RemoteWebDriver.java:323)
at io.appium.java_client.DefaultGenericMobileDriver.findElement(DefaultGenericMobileDriver.java:61)
at io.appium.java_client.AppiumDriver.findElement(AppiumDriver.java:1)
at io.appium.java_client.android.AndroidDriver.findElement(AndroidDriver.java:1)
at io.appium.java_client.FindsByAccessibilityId.findElementByAccessibilityId(FindsByAccessibilityId.java:37)
at TestNG.TestNG.ApkAppInfo.main(ApkAppInfo.java:83)
at sun.reflect.NativeMethodAccessorImpl.invoke0(Native Method)
at sun.reflect.NativeMethodAccessorImpl.invoke(Unknown Source)
at sun.reflect.DelegatingMethodAccessorImpl.invoke(Unknown Source)
at java.lang.reflect.Method.invoke(Unknown Source)
at org.testng.internal.MethodInvocationHelper.invokeMethod(MethodInvocationHelper.java:135)
at org.testng.internal.TestInvoker.invokeMethod(TestInvoker.java:598)
at org.testng.internal.TestInvoker.invokeTestMethod(TestInvoker.java:174)
at org.testng.internal.MethodRunner.runInSequence(MethodRunner.java:46)
at org.testng.internal.TestInvoker$MethodInvocationAgent.invoke(TestInvoker.java:821)
at org.testng.internal.TestInvoker.invokeTestMethods(TestInvoker.java:147)
at org.testng.internal.TestMethodWorker.invokeTestMethods(TestMethodWorker.java:146)
at org.testng.internal.TestMethodWorker.run(TestMethodWorker.java:128)
at java.util.ArrayList.forEach(Unknown Source)
at org.testng.TestRunner.privateRun(TestRunner.java:767)
at org.testng.TestRunner.run(TestRunner.java:588)
at org.testng.SuiteRunner.runTest(SuiteRunner.java:384)
at org.testng.SuiteRunner.runSequentially(SuiteRunner.java:378)
at org.testng.SuiteRunner.privateRun(SuiteRunner.java:337)
at org.testng.SuiteRunner.run(SuiteRunner.java:286)
at org.testng.SuiteRunnerWorker.runSuite(SuiteRunnerWorker.java:53)
at org.testng.SuiteRunnerWorker.run(SuiteRunnerWorker.java:96)
at org.testng.TestNG.runSuitesSequentially(TestNG.java:1214)
at org.testng.TestNG.runSuitesLocally(TestNG.java:1136)
at org.testng.TestNG.runSuites(TestNG.java:1066)
at org.testng.TestNG.run(TestNG.java:1034)
at org.testng.remote.AbstractRemoteTestNG.run(AbstractRemoteTestNG.java:115)
at org.testng.remote.RemoteTestNG.initAndRun(RemoteTestNG.java:251)
at org.testng.remote.RemoteTestNG.main(RemoteTestNG.java:77)
]]>
            </full-stacktrace>
          </exception> <!-- org.openqa.selenium.NoSuchElementException -->
          <reporter-output>
          </reporter-output>
        </test-method> <!-- main -->
        <test-method status="PASS" signature="test2()[pri:0, instance:TestNG.TestNG.ApkAppInfo@4d95d2a2]" name="test2" is-config="true" duration-ms="4344" started-at="2020-05-17T21:36:26 IST" finished-at="2020-05-17T21:36:31 IST">
          <reporter-output>
          </reporter-output>
        </test-method> <!-- test2 -->
      </class> <!-- TestNG.TestNG.ApkAppInfo -->
    </test> <!-- Default test -->
  </suite> <!-- Default suite -->
</testng-results>
