<?xml version="1.0" encoding="UTF-8"?>
<!-- Generated by org.testng.reporters.JUnitXMLReporter -->
<testsuite hostname="DESKTOP-6UHVP5N" ignored="0" name="Test" tests="1" failures="1" timestamp="2020-05-17T21:27:41 IST" time="7.021" errors="0">
  <testcase name="@AfterTest test2" time="0.061" classname="TestNG.TestNG.ApkAppInfo">
    <failure type="org.openqa.selenium.NoSuchElementException" message="An element could not be located on the page using the given search parameters.
For documentation on this error, please visit: https://www.seleniumhq.org/exceptions/no_such_element.html
Build info: version: &amp;apos;3.141.59&amp;apos;, revision: &amp;apos;e82be7d358&amp;apos;, time: &amp;apos;2018-11-14T08:17:03&amp;apos;
System info: host: &amp;apos;DESKTOP-6UHVP5N&amp;apos;, ip: &amp;apos;192.168.43.28&amp;apos;, os.name: &amp;apos;Windows 10&amp;apos;, os.arch: &amp;apos;amd64&amp;apos;, os.version: &amp;apos;10.0&amp;apos;, java.version: &amp;apos;1.8.0_101&amp;apos;
Driver info: io.appium.java_client.android.AndroidDriver
Capabilities {appActivity: com.wt.apkinfo.activities.S..., appPackage: com.wt.apkinfo, automationName: UiAutomator1, databaseEnabled: false, desired: {appActivity: com.wt.apkinfo.activities.S..., appPackage: com.wt.apkinfo, automationName: UiAutomator1, deviceName: OPPO F15, fullReset: false, no: true, noReset: true, platformName: android, platformVersion: 9, udid: MBIN79RCUSHMV4PJ}, deviceManufacturer: OPPO, deviceModel: CPH2001, deviceName: MBIN79RCUSHMV4PJ, deviceScreenSize: 1080x2400, deviceUDID: MBIN79RCUSHMV4PJ, fullReset: false, javascriptEnabled: true, locationContextEnabled: false, networkConnectionEnabled: true, no: true, noReset: true, platform: LINUX, platformName: Android, platformVersion: 9, takesScreenshot: true, udid: MBIN79RCUSHMV4PJ, warnings: {}, webStorageEnabled: false}
Session ID: b7474a22-5e33-4df9-9ccc-6d133f84b7d4
*** Element info: {Using=xpath, value=//androidx.recyclerview.widget.RecyclerView[@content-desc=&amp;quot;Applications list&amp;quot;]/android.widget.LinearLayout[5]/android.widget.LinearLayout/android.widget.TextView[1]}">
      <![CDATA[org.openqa.selenium.NoSuchElementException: An element could not be located on the page using the given search parameters.
For documentation on this error, please visit: https://www.seleniumhq.org/exceptions/no_such_element.html
Build info: version: '3.141.59', revision: 'e82be7d358', time: '2018-11-14T08:17:03'
System info: host: 'DESKTOP-6UHVP5N', ip: '192.168.43.28', os.name: 'Windows 10', os.arch: 'amd64', os.version: '10.0', java.version: '1.8.0_101'
Driver info: io.appium.java_client.android.AndroidDriver
Capabilities {appActivity: com.wt.apkinfo.activities.S..., appPackage: com.wt.apkinfo, automationName: UiAutomator1, databaseEnabled: false, desired: {appActivity: com.wt.apkinfo.activities.S..., appPackage: com.wt.apkinfo, automationName: UiAutomator1, deviceName: OPPO F15, fullReset: false, no: true, noReset: true, platformName: android, platformVersion: 9, udid: MBIN79RCUSHMV4PJ}, deviceManufacturer: OPPO, deviceModel: CPH2001, deviceName: MBIN79RCUSHMV4PJ, deviceScreenSize: 1080x2400, deviceUDID: MBIN79RCUSHMV4PJ, fullReset: false, javascriptEnabled: true, locationContextEnabled: false, networkConnectionEnabled: true, no: true, noReset: true, platform: LINUX, platformName: Android, platformVersion: 9, takesScreenshot: true, udid: MBIN79RCUSHMV4PJ, warnings: {}, webStorageEnabled: false}
Session ID: b7474a22-5e33-4df9-9ccc-6d133f84b7d4
*** Element info: {Using=xpath, value=//androidx.recyclerview.widget.RecyclerView[@content-desc="Applications list"]/android.widget.LinearLayout[5]/android.widget.LinearLayout/android.widget.TextView[1]}
at org.openqa.selenium.remote.http.W3CHttpResponseCodec.createException(W3CHttpResponseCodec.java:187)
at org.openqa.selenium.remote.http.W3CHttpResponseCodec.decode(W3CHttpResponseCodec.java:122)
at org.openqa.selenium.remote.http.W3CHttpResponseCodec.decode(W3CHttpResponseCodec.java:49)
at org.openqa.selenium.remote.HttpCommandExecutor.execute(HttpCommandExecutor.java:158)
at io.appium.java_client.remote.AppiumCommandExecutor.execute(AppiumCommandExecutor.java:239)
at org.openqa.selenium.remote.RemoteWebDriver.execute(RemoteWebDriver.java:552)
at io.appium.java_client.DefaultGenericMobileDriver.execute(DefaultGenericMobileDriver.java:41)
at io.appium.java_client.AppiumDriver.execute(AppiumDriver.java:1)
at io.appium.java_client.android.AndroidDriver.execute(AndroidDriver.java:1)
at org.openqa.selenium.remote.RemoteWebDriver.findElement(RemoteWebDriver.java:323)
at io.appium.java_client.DefaultGenericMobileDriver.findElement(DefaultGenericMobileDriver.java:61)
at io.appium.java_client.AppiumDriver.findElement(AppiumDriver.java:1)
at io.appium.java_client.android.AndroidDriver.findElement(AndroidDriver.java:1)
at org.openqa.selenium.remote.RemoteWebDriver.findElementByXPath(RemoteWebDriver.java:428)
at io.appium.java_client.DefaultGenericMobileDriver.findElementByXPath(DefaultGenericMobileDriver.java:151)
at io.appium.java_client.AppiumDriver.findElementByXPath(AppiumDriver.java:1)
at io.appium.java_client.android.AndroidDriver.findElementByXPath(AndroidDriver.java:1)
at TestNG.TestNG.ApkAppInfo.test2(ApkAppInfo.java:91)
... Removed 28 stack frames]]>
    </failure>
  </testcase> <!-- @AfterTest test2 -->
  <testcase name="main" time="0.359" classname="TestNG.TestNG.ApkAppInfo">
    <failure type="org.openqa.selenium.NoSuchElementException" message="An element could not be located on the page using the given search parameters.
For documentation on this error, please visit: https://www.seleniumhq.org/exceptions/no_such_element.html
Build info: version: &amp;apos;3.141.59&amp;apos;, revision: &amp;apos;e82be7d358&amp;apos;, time: &amp;apos;2018-11-14T08:17:03&amp;apos;
System info: host: &amp;apos;DESKTOP-6UHVP5N&amp;apos;, ip: &amp;apos;192.168.43.28&amp;apos;, os.name: &amp;apos;Windows 10&amp;apos;, os.arch: &amp;apos;amd64&amp;apos;, os.version: &amp;apos;10.0&amp;apos;, java.version: &amp;apos;1.8.0_101&amp;apos;
Driver info: io.appium.java_client.android.AndroidDriver
Capabilities {appActivity: com.wt.apkinfo.activities.S..., appPackage: com.wt.apkinfo, automationName: UiAutomator1, databaseEnabled: false, desired: {appActivity: com.wt.apkinfo.activities.S..., appPackage: com.wt.apkinfo, automationName: UiAutomator1, deviceName: OPPO F15, fullReset: false, no: true, noReset: true, platformName: android, platformVersion: 9, udid: MBIN79RCUSHMV4PJ}, deviceManufacturer: OPPO, deviceModel: CPH2001, deviceName: MBIN79RCUSHMV4PJ, deviceScreenSize: 1080x2400, deviceUDID: MBIN79RCUSHMV4PJ, fullReset: false, javascriptEnabled: true, locationContextEnabled: false, networkConnectionEnabled: true, no: true, noReset: true, platform: LINUX, platformName: Android, platformVersion: 9, takesScreenshot: true, udid: MBIN79RCUSHMV4PJ, warnings: {}, webStorageEnabled: false}
Session ID: b7474a22-5e33-4df9-9ccc-6d133f84b7d4
*** Element info: {Using=accessibility id, value=Search}">
      <![CDATA[org.openqa.selenium.NoSuchElementException: An element could not be located on the page using the given search parameters.
For documentation on this error, please visit: https://www.seleniumhq.org/exceptions/no_such_element.html
Build info: version: '3.141.59', revision: 'e82be7d358', time: '2018-11-14T08:17:03'
System info: host: 'DESKTOP-6UHVP5N', ip: '192.168.43.28', os.name: 'Windows 10', os.arch: 'amd64', os.version: '10.0', java.version: '1.8.0_101'
Driver info: io.appium.java_client.android.AndroidDriver
Capabilities {appActivity: com.wt.apkinfo.activities.S..., appPackage: com.wt.apkinfo, automationName: UiAutomator1, databaseEnabled: false, desired: {appActivity: com.wt.apkinfo.activities.S..., appPackage: com.wt.apkinfo, automationName: UiAutomator1, deviceName: OPPO F15, fullReset: false, no: true, noReset: true, platformName: android, platformVersion: 9, udid: MBIN79RCUSHMV4PJ}, deviceManufacturer: OPPO, deviceModel: CPH2001, deviceName: MBIN79RCUSHMV4PJ, deviceScreenSize: 1080x2400, deviceUDID: MBIN79RCUSHMV4PJ, fullReset: false, javascriptEnabled: true, locationContextEnabled: false, networkConnectionEnabled: true, no: true, noReset: true, platform: LINUX, platformName: Android, platformVersion: 9, takesScreenshot: true, udid: MBIN79RCUSHMV4PJ, warnings: {}, webStorageEnabled: false}
Session ID: b7474a22-5e33-4df9-9ccc-6d133f84b7d4
*** Element info: {Using=accessibility id, value=Search}
at org.openqa.selenium.remote.http.W3CHttpResponseCodec.createException(W3CHttpResponseCodec.java:187)
at org.openqa.selenium.remote.http.W3CHttpResponseCodec.decode(W3CHttpResponseCodec.java:122)
at org.openqa.selenium.remote.http.W3CHttpResponseCodec.decode(W3CHttpResponseCodec.java:49)
at org.openqa.selenium.remote.HttpCommandExecutor.execute(HttpCommandExecutor.java:158)
at io.appium.java_client.remote.AppiumCommandExecutor.execute(AppiumCommandExecutor.java:239)
at org.openqa.selenium.remote.RemoteWebDriver.execute(RemoteWebDriver.java:552)
at io.appium.java_client.DefaultGenericMobileDriver.execute(DefaultGenericMobileDriver.java:41)
at io.appium.java_client.AppiumDriver.execute(AppiumDriver.java:1)
at io.appium.java_client.android.AndroidDriver.execute(AndroidDriver.java:1)
at org.openqa.selenium.remote.RemoteWebDriver.findElement(RemoteWebDriver.java:323)
at io.appium.java_client.DefaultGenericMobileDriver.findElement(DefaultGenericMobileDriver.java:61)
at io.appium.java_client.AppiumDriver.findElement(AppiumDriver.java:1)
at io.appium.java_client.android.AndroidDriver.findElement(AndroidDriver.java:1)
at io.appium.java_client.FindsByAccessibilityId.findElementByAccessibilityId(FindsByAccessibilityId.java:37)
at TestNG.TestNG.ApkAppInfo.main(ApkAppInfo.java:51)
at java.util.ArrayList.forEach(Unknown Source)
... Removed 31 stack frames]]>
    </failure>
  </testcase> <!-- main -->
</testsuite> <!-- Test -->
