<?xml version="1.0" encoding="UTF-8"?>
<testng-results skipped="0" failed="0" ignored="0" total="1" passed="1">
  <reporter-output>
  </reporter-output>
  <suite name="Default suite" duration-ms="131926" started-at="2020-05-18T12:47:14 IST" finished-at="2020-05-18T12:49:25 IST">
    <groups>
    </groups>
    <test name="Default test" duration-ms="131926" started-at="2020-05-18T12:47:14 IST" finished-at="2020-05-18T12:49:25 IST">
      <class name="Newword.Wordnew">
        <test-method status="PASS" signature="setUp()[pri:0, instance:Newword.Wordnew@3b088d51]" name="setUp" is-config="true" duration-ms="9553" started-at="2020-05-18T12:47:14 IST" finished-at="2020-05-18T12:47:23 IST">
          <reporter-output>
          </reporter-output>
        </test-method> <!-- setUp -->
        <test-method status="PASS" signature="Mycode()[pri:0, instance:Newword.Wordnew@3b088d51]" name="Mycode" duration-ms="120745" started-at="2020-05-18T12:47:23 IST" finished-at="2020-05-18T12:49:24 IST">
          <reporter-output>
          </reporter-output>
        </test-method> <!-- Mycode -->
        <test-method status="PASS" signature="tearDown()[pri:0, instance:Newword.Wordnew@3b088d51]" name="tearDown" is-config="true" duration-ms="1566" started-at="2020-05-18T12:49:24 IST" finished-at="2020-05-18T12:49:25 IST">
          <reporter-output>
          </reporter-output>
        </test-method> <!-- tearDown -->
      </class> <!-- Newword.Wordnew -->
    </test> <!-- Default test -->
  </suite> <!-- Default suite -->
</testng-results>
